d:\studia\przedmioty\semestr 3\pk3\lab\f576410c-gr32-repo\projekt\tetris\debug\vc141.pdb
d:\studia\przedmioty\semestr 3\pk3\lab\f576410c-gr32-repo\projekt\tetris\debug\vc141.idb
d:\studia\przedmioty\semestr 3\pk3\lab\f576410c-gr32-repo\projekt\tetris\debug\texture.nativecodeanalysis.xml
d:\studia\przedmioty\semestr 3\pk3\lab\f576410c-gr32-repo\projekt\tetris\debug\sound.nativecodeanalysis.xml
d:\studia\przedmioty\semestr 3\pk3\lab\f576410c-gr32-repo\projekt\tetris\debug\results.nativecodeanalysis.xml
d:\studia\przedmioty\semestr 3\pk3\lab\f576410c-gr32-repo\projekt\tetris\debug\main.nativecodeanalysis.xml
d:\studia\przedmioty\semestr 3\pk3\lab\f576410c-gr32-repo\projekt\tetris\debug\game.nativecodeanalysis.xml
d:\studia\przedmioty\semestr 3\pk3\lab\f576410c-gr32-repo\projekt\tetris\debug\draw.nativecodeanalysis.xml
d:\studia\przedmioty\semestr 3\pk3\lab\f576410c-gr32-repo\projekt\tetris\debug\brick.nativecodeanalysis.xml
d:\studia\przedmioty\semestr 3\pk3\lab\f576410c-gr32-repo\projekt\tetris\debug\board.nativecodeanalysis.xml
d:\studia\przedmioty\semestr 3\pk3\lab\f576410c-gr32-repo\projekt\tetris\debug\board.obj
d:\studia\przedmioty\semestr 3\pk3\lab\f576410c-gr32-repo\projekt\tetris\debug\brick.obj
d:\studia\przedmioty\semestr 3\pk3\lab\f576410c-gr32-repo\projekt\tetris\debug\draw.obj
d:\studia\przedmioty\semestr 3\pk3\lab\f576410c-gr32-repo\projekt\tetris\debug\game.obj
d:\studia\przedmioty\semestr 3\pk3\lab\f576410c-gr32-repo\projekt\tetris\debug\main.obj
d:\studia\przedmioty\semestr 3\pk3\lab\f576410c-gr32-repo\projekt\tetris\debug\results.obj
d:\studia\przedmioty\semestr 3\pk3\lab\f576410c-gr32-repo\projekt\tetris\debug\sound.obj
d:\studia\przedmioty\semestr 3\pk3\lab\f576410c-gr32-repo\projekt\tetris\debug\texture.obj
d:\studia\przedmioty\semestr 3\pk3\lab\f576410c-gr32-repo\projekt\tetris\debug\text.nativecodeanalysis.xml
d:\studia\przedmioty\semestr 3\pk3\lab\f576410c-gr32-repo\projekt\tetris\debug\text.obj
d:\studia\przedmioty\semestr 3\pk3\lab\f576410c-gr32-repo\projekt\debug\tetris.exe
d:\studia\przedmioty\semestr 3\pk3\lab\f576410c-gr32-repo\projekt\debug\tetris.ilk
d:\studia\przedmioty\semestr 3\pk3\lab\f576410c-gr32-repo\projekt\debug\tetris.pdb
d:\studia\przedmioty\semestr 3\pk3\lab\f576410c-gr32-repo\projekt\tetris\debug\vcpkg.applocal.log
d:\studia\przedmioty\semestr 3\pk3\lab\f576410c-gr32-repo\projekt\debug\sdl2d.dll
d:\studia\przedmioty\semestr 3\pk3\lab\f576410c-gr32-repo\projekt\debug\sdl2_mixer.dll
d:\studia\przedmioty\semestr 3\pk3\lab\f576410c-gr32-repo\projekt\debug\libmpg123.dll
d:\studia\przedmioty\semestr 3\pk3\lab\f576410c-gr32-repo\projekt\debug\flac.dll
d:\studia\przedmioty\semestr 3\pk3\lab\f576410c-gr32-repo\projekt\debug\ogg.dll
d:\studia\przedmioty\semestr 3\pk3\lab\f576410c-gr32-repo\projekt\debug\modplug.dll
d:\studia\przedmioty\semestr 3\pk3\lab\f576410c-gr32-repo\projekt\debug\vorbisfile.dll
d:\studia\przedmioty\semestr 3\pk3\lab\f576410c-gr32-repo\projekt\debug\vorbis.dll
d:\studia\przedmioty\semestr 3\pk3\lab\f576410c-gr32-repo\projekt\debug\sdl2_ttf.dll
d:\studia\przedmioty\semestr 3\pk3\lab\f576410c-gr32-repo\projekt\debug\freetyped.dll
d:\studia\przedmioty\semestr 3\pk3\lab\f576410c-gr32-repo\projekt\debug\zlibd1.dll
d:\studia\przedmioty\semestr 3\pk3\lab\f576410c-gr32-repo\projekt\debug\libbz2d.dll
d:\studia\przedmioty\semestr 3\pk3\lab\f576410c-gr32-repo\projekt\debug\libpng16d.dll
d:\studia\przedmioty\semestr 3\pk3\lab\f576410c-gr32-repo\projekt\tetris\debug\nativecodeanalysis.read.1.tlog
d:\studia\przedmioty\semestr 3\pk3\lab\f576410c-gr32-repo\projekt\tetris\debug\vc.nativecodeanalysis.all.xml
d:\studia\przedmioty\semestr 3\pk3\lab\f576410c-gr32-repo\projekt\debug\tetris.exe.lastcodeanalysissucceeded
d:\studia\przedmioty\semestr 3\pk3\lab\f576410c-gr32-repo\projekt\tetris\debug\tetris.tlog\cl.command.1.tlog
d:\studia\przedmioty\semestr 3\pk3\lab\f576410c-gr32-repo\projekt\tetris\debug\tetris.tlog\cl.read.1.tlog
d:\studia\przedmioty\semestr 3\pk3\lab\f576410c-gr32-repo\projekt\tetris\debug\tetris.tlog\cl.write.1.tlog
d:\studia\przedmioty\semestr 3\pk3\lab\f576410c-gr32-repo\projekt\tetris\debug\tetris.tlog\link.command.1.tlog
d:\studia\przedmioty\semestr 3\pk3\lab\f576410c-gr32-repo\projekt\tetris\debug\tetris.tlog\link.read.1.tlog
d:\studia\przedmioty\semestr 3\pk3\lab\f576410c-gr32-repo\projekt\tetris\debug\tetris.tlog\link.write.1.tlog
d:\studia\przedmioty\semestr 3\pk3\lab\f576410c-gr32-repo\projekt\tetris\debug\tetris.tlog\tetris.write.1u.tlog
