d:\studia\przedmioty\semestr 3\pk3\lab\f576410c-gr32-repo\projekt\tetris\x64\debug\vc141.pdb
d:\studia\przedmioty\semestr 3\pk3\lab\f576410c-gr32-repo\projekt\tetris\x64\debug\vc141.idb
d:\studia\przedmioty\semestr 3\pk3\lab\f576410c-gr32-repo\projekt\tetris\x64\debug\results.obj
d:\studia\przedmioty\semestr 3\pk3\lab\f576410c-gr32-repo\projekt\tetris\x64\debug\main.obj
d:\studia\przedmioty\semestr 3\pk3\lab\f576410c-gr32-repo\projekt\tetris\x64\debug\game.obj
d:\studia\przedmioty\semestr 3\pk3\lab\f576410c-gr32-repo\projekt\tetris\x64\debug\draw.obj
d:\studia\przedmioty\semestr 3\pk3\lab\f576410c-gr32-repo\projekt\tetris\x64\debug\board.obj
d:\studia\przedmioty\semestr 3\pk3\lab\f576410c-gr32-repo\projekt\tetris\x64\debug\menu.obj
d:\studia\przedmioty\semestr 3\pk3\lab\f576410c-gr32-repo\projekt\tetris\x64\debug\brick.obj
d:\studia\przedmioty\semestr 3\pk3\lab\f576410c-gr32-repo\projekt\tetris\x64\debug\vcpkg.applocal.log
d:\studia\przedmioty\semestr 3\pk3\lab\f576410c-gr32-repo\projekt\x64\debug\sdl2d.dll
d:\studia\przedmioty\semestr 3\pk3\lab\f576410c-gr32-repo\projekt\x64\debug\tetris.pdb
d:\studia\przedmioty\semestr 3\pk3\lab\f576410c-gr32-repo\projekt\tetris\x64\debug\tetris.tlog\cl.command.1.tlog
d:\studia\przedmioty\semestr 3\pk3\lab\f576410c-gr32-repo\projekt\tetris\x64\debug\tetris.tlog\cl.read.1.tlog
d:\studia\przedmioty\semestr 3\pk3\lab\f576410c-gr32-repo\projekt\tetris\x64\debug\tetris.tlog\cl.write.1.tlog
d:\studia\przedmioty\semestr 3\pk3\lab\f576410c-gr32-repo\projekt\tetris\x64\debug\tetris.tlog\link-cvtres.read.1.tlog
d:\studia\przedmioty\semestr 3\pk3\lab\f576410c-gr32-repo\projekt\tetris\x64\debug\tetris.tlog\link-cvtres.write.1.tlog
d:\studia\przedmioty\semestr 3\pk3\lab\f576410c-gr32-repo\projekt\tetris\x64\debug\tetris.tlog\link-rc.read.1.tlog
d:\studia\przedmioty\semestr 3\pk3\lab\f576410c-gr32-repo\projekt\tetris\x64\debug\tetris.tlog\link-rc.write.1.tlog
d:\studia\przedmioty\semestr 3\pk3\lab\f576410c-gr32-repo\projekt\tetris\x64\debug\tetris.tlog\link.3892-cvtres.read.1.tlog
d:\studia\przedmioty\semestr 3\pk3\lab\f576410c-gr32-repo\projekt\tetris\x64\debug\tetris.tlog\link.3892-cvtres.write.1.tlog
d:\studia\przedmioty\semestr 3\pk3\lab\f576410c-gr32-repo\projekt\tetris\x64\debug\tetris.tlog\link.3892-rc.read.1.tlog
d:\studia\przedmioty\semestr 3\pk3\lab\f576410c-gr32-repo\projekt\tetris\x64\debug\tetris.tlog\link.3892-rc.write.1.tlog
d:\studia\przedmioty\semestr 3\pk3\lab\f576410c-gr32-repo\projekt\tetris\x64\debug\tetris.tlog\link.3892.read.1.tlog
d:\studia\przedmioty\semestr 3\pk3\lab\f576410c-gr32-repo\projekt\tetris\x64\debug\tetris.tlog\link.3892.write.1.tlog
d:\studia\przedmioty\semestr 3\pk3\lab\f576410c-gr32-repo\projekt\tetris\x64\debug\tetris.tlog\link.command.1.tlog
d:\studia\przedmioty\semestr 3\pk3\lab\f576410c-gr32-repo\projekt\tetris\x64\debug\tetris.tlog\link.read.1.tlog
d:\studia\przedmioty\semestr 3\pk3\lab\f576410c-gr32-repo\projekt\tetris\x64\debug\tetris.tlog\link.write.1.tlog
d:\studia\przedmioty\semestr 3\pk3\lab\f576410c-gr32-repo\projekt\tetris\x64\debug\tetris.tlog\tetris.write.1u.tlog
